  Main.cpp
c:\program files (x86)\microsoft visual studio\2017\community\vc\tools\msvc\14.16.27023\include\utility(173): warning C4244: 'initializing': conversion from '_Ty' to '_Ty2', possible loss of data
          with
          [
              _Ty=double
          ]
          and
          [
              _Ty2=int
          ]
  c:\users\joe kuczmanski\desktop\game_predictor\game_predictor\game_predictor\game.h(919): note: see reference to function template instantiation 'std::pair<std::string,int>::pair<std::string&,double,0>(_Other1,_Other2 &&) noexcept(false)' being compiled
          with
          [
              _Other1=std::string &,
              _Other2=double
          ]
  c:\users\joe kuczmanski\desktop\game_predictor\game_predictor\game_predictor\game.h(919): note: see reference to function template instantiation 'std::pair<std::string,int>::pair<std::string&,double,0>(_Other1,_Other2 &&) noexcept(false)' being compiled
          with
          [
              _Other1=std::string &,
              _Other2=double
          ]
c:\users\joe kuczmanski\desktop\game_predictor\game_predictor\game_predictor\game.h(593): warning C4715: 'game::awayThreePointPercentage': not all control paths return a value
  Game_Predictor.vcxproj -> C:\Users\Joe Kuczmanski\Desktop\Game_Predictor\Game_Predictor\Debug\Game_Predictor.exe
